<?xml version="1.0" encoding="UTF-8"?>
<testsuite xmlns:xsi="http://www.w3.org/2001/XMLSchema-instance" xsi:noNamespaceSchemaLocation="https://maven.apache.org/surefire/maven-surefire-plugin/xsd/surefire-test-report.xsd" name="com.nnk.springboot.userControllerTest" time="9.456" tests="1" errors="1" skipped="0" failures="0">
  <properties>
[...]
</properties>
  <testcase name="com.nnk.springboot.userControllerTest" classname="com.nnk.springboot.userControllerTest" time="9.455">
    <error message="could not execute statement; SQL [n/a]; nested exception is org.hibernate.exception.DataException: could not execute statement" type="org.springframework.dao.DataIntegrityViolationException">org.springframework.dao.DataIntegrityViolationException: could not execute statement; SQL [n/a]; nested exception is org.hibernate.exception.DataException: could not execute statement
	at com.nnk.springboot.userControllerTest.init(userControllerTest.java:44)
Caused by: org.hibernate.exception.DataException: could not execute statement
	at com.nnk.springboot.userControllerTest.init(userControllerTest.java:44)
Caused by: com.mysql.cj.jdbc.exceptions.MysqlDataTruncation: Data truncation: Out of range value for column 'Id' at row 1
	at com.nnk.springboot.userControllerTest.init(userControllerTest.java:44)
</error>
    <system-out><![CDATA[12:09:06.636 [main] DEBUG org.springframework.test.context.BootstrapUtils - Instantiating CacheAwareContextLoaderDelegate from class [org.springframework.test.context.cache.DefaultCacheAwareContextLoaderDelegate]
12:09:06.656 [main] DEBUG org.springframework.test.context.BootstrapUtils - Instantiating BootstrapContext using constructor [public org.springframework.test.context.support.DefaultBootstrapContext(java.lang.Class,org.springframework.test.context.CacheAwareContextLoaderDelegate)]
12:09:06.691 [main] DEBUG org.springframework.test.context.BootstrapUtils - Instantiating TestContextBootstrapper for test class [com.nnk.springboot.userControllerTest] from class [org.springframework.boot.test.context.SpringBootTestContextBootstrapper]
12:09:06.712 [main] INFO org.springframework.boot.test.context.SpringBootTestContextBootstrapper - Neither @ContextConfiguration nor @ContextHierarchy found for test class [com.nnk.springboot.userControllerTest], using SpringBootContextLoader
12:09:06.720 [main] DEBUG org.springframework.test.context.support.AbstractContextLoader - Did not detect default resource location for test class [com.nnk.springboot.userControllerTest]: class path resource [com/nnk/springboot/userControllerTest-context.xml] does not exist
12:09:06.721 [main] DEBUG org.springframework.test.context.support.AbstractContextLoader - Did not detect default resource location for test class [com.nnk.springboot.userControllerTest]: class path resource [com/nnk/springboot/userControllerTestContext.groovy] does not exist
12:09:06.722 [main] INFO org.springframework.test.context.support.AbstractContextLoader - Could not detect default resource locations for test class [com.nnk.springboot.userControllerTest]: no resource found for suffixes {-context.xml, Context.groovy}.
12:09:06.723 [main] INFO org.springframework.test.context.support.AnnotationConfigContextLoaderUtils - Could not detect default configuration classes for test class [com.nnk.springboot.userControllerTest]: userControllerTest does not declare any static, non-private, non-final, nested classes annotated with @Configuration.
12:09:06.809 [main] DEBUG org.springframework.test.context.support.ActiveProfilesUtils - Could not find an 'annotation declaring class' for annotation type [org.springframework.test.context.ActiveProfiles] and class [com.nnk.springboot.userControllerTest]
12:09:06.960 [main] DEBUG org.springframework.context.annotation.ClassPathScanningCandidateComponentProvider - Identified candidate component class: file [/Users/tlili/Desktop/Poseidon/Poseiden-skeleton/target/classes/com/nnk/springboot/Application.class]
12:09:06.961 [main] INFO org.springframework.boot.test.context.SpringBootTestContextBootstrapper - Found @SpringBootConfiguration com.nnk.springboot.Application for test class com.nnk.springboot.userControllerTest
12:09:07.155 [main] DEBUG org.springframework.boot.test.context.SpringBootTestContextBootstrapper - @TestExecutionListeners is not present for class [com.nnk.springboot.userControllerTest]: using defaults.
12:09:07.156 [main] INFO org.springframework.boot.test.context.SpringBootTestContextBootstrapper - Loaded default TestExecutionListener class names from location [META-INF/spring.factories]: [org.springframework.boot.test.mock.mockito.MockitoTestExecutionListener, org.springframework.boot.test.mock.mockito.ResetMocksTestExecutionListener, org.springframework.boot.test.autoconfigure.restdocs.RestDocsTestExecutionListener, org.springframework.boot.test.autoconfigure.web.client.MockRestServiceServerResetTestExecutionListener, org.springframework.boot.test.autoconfigure.web.servlet.MockMvcPrintOnlyOnFailureTestExecutionListener, org.springframework.boot.test.autoconfigure.web.servlet.WebDriverTestExecutionListener, org.springframework.boot.test.autoconfigure.webservices.client.MockWebServiceServerTestExecutionListener, org.springframework.test.context.web.ServletTestExecutionListener, org.springframework.test.context.support.DirtiesContextBeforeModesTestExecutionListener, org.springframework.test.context.event.ApplicationEventsTestExecutionListener, org.springframework.test.context.support.DependencyInjectionTestExecutionListener, org.springframework.test.context.support.DirtiesContextTestExecutionListener, org.springframework.test.context.transaction.TransactionalTestExecutionListener, org.springframework.test.context.jdbc.SqlScriptsTestExecutionListener, org.springframework.test.context.event.EventPublishingTestExecutionListener, org.springframework.security.test.context.support.WithSecurityContextTestExecutionListener, org.springframework.security.test.context.support.ReactorContextTestExecutionListener]
12:09:07.211 [main] INFO org.springframework.boot.test.context.SpringBootTestContextBootstrapper - Using TestExecutionListeners: [org.springframework.test.context.web.ServletTestExecutionListener@4e45fbd0, org.springframework.test.context.support.DirtiesContextBeforeModesTestExecutionListener@19ce19b7, org.springframework.test.context.event.ApplicationEventsTestExecutionListener@13047d3d, org.springframework.boot.test.mock.mockito.MockitoTestExecutionListener@4b240276, org.springframework.boot.test.autoconfigure.SpringBootDependencyInjectionTestExecutionListener@2a5efbb9, org.springframework.test.context.support.DirtiesContextTestExecutionListener@43b45ce4, org.springframework.test.context.transaction.TransactionalTestExecutionListener@73e93c3a, org.springframework.test.context.jdbc.SqlScriptsTestExecutionListener@1835b783, org.springframework.test.context.event.EventPublishingTestExecutionListener@456b140f, org.springframework.security.test.context.support.WithSecurityContextTestExecutionListener@2459333a, org.springframework.security.test.context.support.ReactorContextTestExecutionListener@1e6bd367, org.springframework.boot.test.mock.mockito.ResetMocksTestExecutionListener@2bd7f686, org.springframework.boot.test.autoconfigure.restdocs.RestDocsTestExecutionListener@3601549f, org.springframework.boot.test.autoconfigure.web.client.MockRestServiceServerResetTestExecutionListener@5b2c7186, org.springframework.boot.test.autoconfigure.web.servlet.MockMvcPrintOnlyOnFailureTestExecutionListener@1b9c716f, org.springframework.boot.test.autoconfigure.web.servlet.WebDriverTestExecutionListener@f6bc75c, org.springframework.boot.test.autoconfigure.webservices.client.MockWebServiceServerTestExecutionListener@33f2cf82]
12:09:07.266 [main] DEBUG org.springframework.test.context.support.TestPropertySourceUtils - Adding inlined properties to environment: {spring.jmx.enabled=false, org.springframework.boot.test.context.SpringBootTestContextBootstrapper=true}

  .   ____          _            __ _ _
 /\\ / ___'_ __ _ _(_)_ __  __ _ \ \ \ \
( ( )\___ | '_ | '_| | '_ \/ _` | \ \ \ \
 \\/  ___)| |_)| | | | | || (_| |  ) ) ) )
  '  |____| .__|_| |_|_| |_\__, | / / / /
 =========|_|==============|___/=/_/_/_/
 :: Spring Boot ::                (v2.5.6)

2022-09-14 12:09:07.804  INFO 679 --- [           main] com.nnk.springboot.userControllerTest    : Starting userControllerTest using Java 11.0.9 on MacBook-Pro-de-TLILI.local with PID 679 (started by tlili in /Users/tlili/Desktop/Poseidon/Poseiden-skeleton)
2022-09-14 12:09:07.806 DEBUG 679 --- [           main] com.nnk.springboot.userControllerTest    : Running with Spring Boot v2.5.6, Spring v5.3.12
2022-09-14 12:09:07.809  INFO 679 --- [           main] com.nnk.springboot.userControllerTest    : No active profile set, falling back to default profiles: default
2022-09-14 12:09:07.846 DEBUG 679 --- [           main] o.s.w.c.s.GenericWebApplicationContext   : Refreshing org.springframework.web.context.support.GenericWebApplicationContext@22db974d
2022-09-14 12:09:09.155  INFO 679 --- [           main] .s.d.r.c.RepositoryConfigurationDelegate : Bootstrapping Spring Data JPA repositories in DEFAULT mode.
2022-09-14 12:09:09.249  INFO 679 --- [           main] .s.d.r.c.RepositoryConfigurationDelegate : Finished Spring Data repository scanning in 79 ms. Found 6 JPA repository interfaces.
2022-09-14 12:09:10.707  INFO 679 --- [           main] com.zaxxer.hikari.HikariDataSource       : HikariPool-1 - Starting...
2022-09-14 12:09:10.719  WARN 679 --- [           main] com.zaxxer.hikari.util.DriverDataSource  : Registered driver with driverClassName=com.mysql.jdbc.Driver was not found, trying direct instantiation.
2022-09-14 12:09:11.316  INFO 679 --- [           main] com.zaxxer.hikari.HikariDataSource       : HikariPool-1 - Start completed.
Hibernate: create table curvePoint (id integer not null, curveId integer not null, term double precision not null, value double precision not null, primary key (id)) engine=InnoDB
Hibernate: create table rating (id integer not null, fitchRating varchar(255), moodysRating varchar(255), orderNumber integer not null, sandPRating varchar(255), primary key (id)) engine=InnoDB
Hibernate: create table ruleName (id integer not null, description varchar(255), json varchar(255), name varchar(255), sqlPart varchar(255), sqlStr varchar(255), template varchar(255), primary key (id)) engine=InnoDB
2022-09-14 12:09:12.866  INFO 679 --- [           main] j.LocalContainerEntityManagerFactoryBean : Initialized JPA EntityManagerFactory for persistence unit 'default'
2022-09-14 12:09:12.992  WARN 679 --- [           main] JpaBaseConfiguration$JpaWebConfiguration : spring.jpa.open-in-view is enabled by default. Therefore, database queries may be performed during view rendering. Explicitly configure spring.jpa.open-in-view to disable this warning
2022-09-14 12:09:13.981  INFO 679 --- [           main] o.s.s.web.DefaultSecurityFilterChain     : Will secure Ant [pattern='/css/**'] with []
2022-09-14 12:09:14.083  INFO 679 --- [           main] o.s.s.web.DefaultSecurityFilterChain     : Will secure any request with [org.springframework.security.web.context.request.async.WebAsyncManagerIntegrationFilter@6b6dfadc, org.springframework.security.web.context.SecurityContextPersistenceFilter@126dfee4, org.springframework.security.web.header.HeaderWriterFilter@24732113, org.springframework.security.web.authentication.logout.LogoutFilter@5e02c99b, org.springframework.security.web.authentication.UsernamePasswordAuthenticationFilter@107af025, org.springframework.security.web.savedrequest.RequestCacheAwareFilter@1e454228, org.springframework.security.web.servletapi.SecurityContextHolderAwareRequestFilter@77167c73, org.springframework.security.web.authentication.AnonymousAuthenticationFilter@2d23d555, org.springframework.security.web.session.SessionManagementFilter@5eb1784c, org.springframework.security.web.access.ExceptionTranslationFilter@1c2df677, org.springframework.security.web.access.intercept.FilterSecurityInterceptor@4e2a6a55]
2022-09-14 12:09:14.619 DEBUG 679 --- [           main] s.w.s.m.m.a.RequestMappingHandlerAdapter : ControllerAdvice beans: 0 @ModelAttribute, 0 @InitBinder, 1 RequestBodyAdvice, 1 ResponseBodyAdvice
2022-09-14 12:09:14.791 DEBUG 679 --- [           main] s.w.s.m.m.a.RequestMappingHandlerMapping : 43 mappings in 'requestMappingHandlerMapping'
2022-09-14 12:09:14.882 DEBUG 679 --- [           main] o.s.w.s.handler.SimpleUrlHandlerMapping  : Patterns [/webjars/**, /**] in 'resourceHandlerMapping'
2022-09-14 12:09:14.902 DEBUG 679 --- [           main] .m.m.a.ExceptionHandlerExceptionResolver : ControllerAdvice beans: 0 @ExceptionHandler, 1 ResponseBodyAdvice
2022-09-14 12:09:15.160 DEBUG 679 --- [           main] o.s.b.w.s.ServletContextInitializerBeans : Mapping filters: springSecurityFilterChain urls=[/*] order=-100, characterEncodingFilter urls=[/*] order=-2147483648, formContentFilter urls=[/*] order=-9900, requestContextFilter urls=[/*] order=-105
2022-09-14 12:09:15.160 DEBUG 679 --- [           main] o.s.b.w.s.ServletContextInitializerBeans : Mapping servlets: 
2022-09-14 12:09:15.197  INFO 679 --- [           main] o.s.b.t.m.w.SpringBootMockServletContext : Initializing Spring TestDispatcherServlet ''
2022-09-14 12:09:15.198  INFO 679 --- [           main] o.s.t.web.servlet.TestDispatcherServlet  : Initializing Servlet ''
2022-09-14 12:09:15.201  INFO 679 --- [           main] o.s.t.web.servlet.TestDispatcherServlet  : Completed initialization in 3 ms
2022-09-14 12:09:15.236  INFO 679 --- [           main] com.nnk.springboot.userControllerTest    : Started userControllerTest in 7.958 seconds (JVM running for 10.118)
Hibernate: select next_val as id_val from hibernate_sequence for update
Hibernate: update hibernate_sequence set next_val= ? where next_val=?
Hibernate: insert into users (fullname, password, role, username, id) values (?, ?, ?, ?, ?)
2022-09-14 12:09:15.546 ERROR 679 --- [           main] o.h.engine.jdbc.spi.SqlExceptionHelper   : Data truncation: Out of range value for column 'Id' at row 1
Hibernate: select user0_.id as id1_5_, user0_.fullname as fullname2_5_, user0_.password as password3_5_, user0_.role as role4_5_, user0_.username as username5_5_ from users user0_ where user0_.username=?
2022-09-14 12:09:15.837 ERROR 679 --- [           main] com.nnk.springboot.service.UserService   : Failed to find User with username Alexandra25
]]></system-out>
    <system-err><![CDATA[Loading class `com.mysql.jdbc.Driver'. This is deprecated. The new driver class is `com.mysql.cj.jdbc.Driver'. The driver is automatically registered via the SPI and manual loading of the driver class is generally unnecessary.
]]></system-err>
  </testcase>
</testsuite>