<?xml version="1.0" encoding="UTF-8"?>
<testsuite xmlns:xsi="http://www.w3.org/2001/XMLSchema-instance" xsi:noNamespaceSchemaLocation="https://maven.apache.org/surefire/maven-surefire-plugin/xsd/surefire-test-report.xsd" name="com.nnk.springboot.userTest" time="0.384" tests="5" errors="1" skipped="0" failures="0">
  <properties>
[...]
</properties>
  <testcase name="deletedUser" classname="com.nnk.springboot.userTest" time="0.087">
    <error message="Entity must not be null!; nested exception is java.lang.IllegalArgumentException: Entity must not be null!" type="org.springframework.dao.InvalidDataAccessApiUsageException">org.springframework.dao.InvalidDataAccessApiUsageException: Entity must not be null!; nested exception is java.lang.IllegalArgumentException: Entity must not be null!
	at com.nnk.springboot.userTest.deletedUser(userTest.java:66)
Caused by: java.lang.IllegalArgumentException: Entity must not be null!
	at com.nnk.springboot.userTest.deletedUser(userTest.java:66)
</error>
    <system-out><![CDATA[2022-09-19 20:19:34.491  INFO 9696 --- [           main] .b.t.c.SpringBootTestContextBootstrapper : Neither @ContextConfiguration nor @ContextHierarchy found for test class [com.nnk.springboot.userTest], using SpringBootContextLoader
2022-09-19 20:19:34.493  INFO 9696 --- [           main] o.s.t.c.support.AbstractContextLoader    : Could not detect default resource locations for test class [com.nnk.springboot.userTest]: no resource found for suffixes {-context.xml, Context.groovy}.
2022-09-19 20:19:34.493  INFO 9696 --- [           main] t.c.s.AnnotationConfigContextLoaderUtils : Could not detect default configuration classes for test class [com.nnk.springboot.userTest]: userTest does not declare any static, non-private, non-final, nested classes annotated with @Configuration.
2022-09-19 20:19:34.512  INFO 9696 --- [           main] .b.t.c.SpringBootTestContextBootstrapper : Found @SpringBootConfiguration com.nnk.springboot.Application for test class com.nnk.springboot.userTest
2022-09-19 20:19:34.519  INFO 9696 --- [           main] .b.t.c.SpringBootTestContextBootstrapper : Loaded default TestExecutionListener class names from location [META-INF/spring.factories]: [org.springframework.boot.test.mock.mockito.MockitoTestExecutionListener, org.springframework.boot.test.mock.mockito.ResetMocksTestExecutionListener, org.springframework.boot.test.autoconfigure.restdocs.RestDocsTestExecutionListener, org.springframework.boot.test.autoconfigure.web.client.MockRestServiceServerResetTestExecutionListener, org.springframework.boot.test.autoconfigure.web.servlet.MockMvcPrintOnlyOnFailureTestExecutionListener, org.springframework.boot.test.autoconfigure.web.servlet.WebDriverTestExecutionListener, org.springframework.boot.test.autoconfigure.webservices.client.MockWebServiceServerTestExecutionListener, org.springframework.test.context.web.ServletTestExecutionListener, org.springframework.test.context.support.DirtiesContextBeforeModesTestExecutionListener, org.springframework.test.context.event.ApplicationEventsTestExecutionListener, org.springframework.test.context.support.DependencyInjectionTestExecutionListener, org.springframework.test.context.support.DirtiesContextTestExecutionListener, org.springframework.test.context.transaction.TransactionalTestExecutionListener, org.springframework.test.context.jdbc.SqlScriptsTestExecutionListener, org.springframework.test.context.event.EventPublishingTestExecutionListener, org.springframework.security.test.context.support.WithSecurityContextTestExecutionListener, org.springframework.security.test.context.support.ReactorContextTestExecutionListener]
2022-09-19 20:19:34.520  INFO 9696 --- [           main] .b.t.c.SpringBootTestContextBootstrapper : Using TestExecutionListeners: [org.springframework.test.context.web.ServletTestExecutionListener@37b81e6, org.springframework.test.context.support.DirtiesContextBeforeModesTestExecutionListener@1c63f2dc, org.springframework.test.context.event.ApplicationEventsTestExecutionListener@1fc832b7, org.springframework.boot.test.mock.mockito.MockitoTestExecutionListener@2b0f2042, org.springframework.boot.test.autoconfigure.SpringBootDependencyInjectionTestExecutionListener@7424f074, org.springframework.test.context.support.DirtiesContextTestExecutionListener@77d2093e, org.springframework.test.context.transaction.TransactionalTestExecutionListener@2951c0f9, org.springframework.test.context.jdbc.SqlScriptsTestExecutionListener@7b8ef8a1, org.springframework.test.context.event.EventPublishingTestExecutionListener@28fa10f4, org.springframework.security.test.context.support.WithSecurityContextTestExecutionListener@4f06772c, org.springframework.security.test.context.support.ReactorContextTestExecutionListener@68f7203d, org.springframework.boot.test.mock.mockito.ResetMocksTestExecutionListener@64308672, org.springframework.boot.test.autoconfigure.restdocs.RestDocsTestExecutionListener@1cb547b0, org.springframework.boot.test.autoconfigure.web.client.MockRestServiceServerResetTestExecutionListener@6076fc1d, org.springframework.boot.test.autoconfigure.web.servlet.MockMvcPrintOnlyOnFailureTestExecutionListener@31d1dee6, org.springframework.boot.test.autoconfigure.web.servlet.WebDriverTestExecutionListener@5132ddb8, org.springframework.boot.test.autoconfigure.webservices.client.MockWebServiceServerTestExecutionListener@678c98e9]
Hibernate: select user0_.id as id1_5_, user0_.fullname as fullname2_5_, user0_.password as password3_5_, user0_.role as role4_5_, user0_.username as username5_5_ from users user0_ where user0_.username=?
2022-09-19 20:19:34.558 ERROR 9696 --- [           main] com.nnk.springboot.service.UserService   : Failed to find User with username Username5
]]></system-out>
  </testcase>
  <testcase name="findById" classname="com.nnk.springboot.userTest" time="0.034"/>
  <testcase name="updateUser" classname="com.nnk.springboot.userTest" time="0.029"/>
  <testcase name="registrationUser" classname="com.nnk.springboot.userTest" time="0.169"/>
  <testcase name="findByUsername" classname="com.nnk.springboot.userTest" time="0.016"/>
</testsuite>